<?xml version="1.0" encoding="UTF-8"?>
<testng-results skipped="0" failed="0" ignored="0" total="1" passed="1">
  <reporter-output>
  </reporter-output>
  <suite name="Default suite" duration-ms="23743" started-at="2018-01-27T22:09:18Z" finished-at="2018-01-27T22:09:41Z">
    <groups>
    </groups>
    <test name="Default test" duration-ms="23743" started-at="2018-01-27T22:09:18Z" finished-at="2018-01-27T22:09:41Z">
      <class name="com.automation.test.automationUI.AutomationUi">
        <test-method status="PASS" signature="greenCargoReport()[pri:0, instance:com.automation.test.automationUI.AutomationUi@1593948d]" name="greenCargoReport" duration-ms="23709" started-at="2018-01-28T03:39:18Z" finished-at="2018-01-28T03:39:41Z">
          <reporter-output>
          </reporter-output>
        </test-method> <!-- greenCargoReport -->
      </class> <!-- com.automation.test.automationUI.AutomationUi -->
    </test> <!-- Default test -->
  </suite> <!-- Default suite -->
</testng-results>
